Starting ChromeDriver 85.0.4183.38 (9047dbc2c693f044042bbec5c91401c708c7c26a-refs/branch-heads/4183@{#779}) on port 9515
Only local connections are allowed.
Please see https://chromedriver.chromium.org/security-considerations for suggestions on keeping ChromeDriver safe.
ChromeDriver was started successfully.
[1599471889.177][INFO]: [f445f743e316b9dcc8fb90030501d95f] COMMAND InitSession {
   "desiredCapabilities": {
      "browserName": "chrome",
      "name": "First Test",
      "platform": "ANY"
   }
}
[1599471889.180][INFO]: Populating Preferences file: {
   "alternate_error_pages": {
      "enabled": false
   },
   "autofill": {
      "enabled": false
   },
   "browser": {
      "check_default_browser": false
   },
   "distribution": {
      "import_bookmarks": false,
      "import_history": false,
      "import_search_engine": false,
      "make_chrome_default_for_user": false,
      "skip_first_run_ui": true
   },
   "dns_prefetching": {
      "enabled": false
   },
   "profile": {
      "content_settings": {
         "pattern_pairs": {
            "https://*,*": {
               "media-stream": {
                  "audio": "Default",
                  "video": "Default"
               }
            }
         }
      },
      "default_content_setting_values": {
         "geolocation": 1
      },
      "default_content_settings": {
         "geolocation": 1,
         "mouselock": 1,
         "notifications": 1,
         "popups": 1,
         "ppapi-broker": 1
      },
      "password_manager_enabled": false
   },
   "safebrowsing": {
      "enabled": false
   },
   "search": {
      "suggest_enabled": false
   },
   "translate": {
      "enabled": false
   }
}
[1599471889.181][INFO]: Populating Local State file: {
   "background_mode": {
      "enabled": false
   },
   "ssl": {
      "rev_checking": {
         "enabled": false
      }
   }
}
[1599471889.182][INFO]: Launching chrome: "C:\Users\dell\AppData\Local\Chromium\Application\chrome.exe" --disable-background-networking --disable-client-side-phishing-detection --disable-default-apps --disable-hang-monitor --disable-popup-blocking --disable-prompt-on-repost --disable-sync --enable-automation --enable-blink-features=ShadowDOMV0 --enable-logging --log-level=0 --no-first-run --password-store=basic --remote-debugging-port=0 --test-type=webdriver --use-mock-keychain --user-data-dir="C:\Users\dell\AppData\Local\Temp\scoped_dir11660_1143524579" data:,
[1599471889.526][DEBUG]: DevTools HTTP Request: http://localhost:53987/json/version
[1599471889.889][DEBUG]: DevTools HTTP Response: {

   "Browser": "Chrome/85.0.0",

   "Protocol-Version": "1.2",

   "User-Agent": "Mozilla/5.0 (Windows NT 10.0; WOW64) AppleWebKit/537.36 (KHTML, like Gecko) Chrome/85.0.0 Safari/537.36",

   "V8-Version": "6.3.270",

   "WebKit-Version": "537.36 (@1e97cfac4e504d03e2b2ca36c8b1f31663abad4d)",

   "webSocketDebuggerUrl": "ws://localhost:53987/devtools/browser/995905c4-6dc3-4bec-a59d-a2b587cc905d"

}


[1599471889.889][INFO]: Failed to connect to Chrome. Attempting to kill it.
[1599471890.209][INFO]: [f445f743e316b9dcc8fb90030501d95f] RESPONSE InitSession ERROR session not created: This version of ChromeDriver only supports Chrome version 85
[1599471890.210][DEBUG]: Log type 'driver' lost 0 entries on destruction
[1599471890.210][DEBUG]: Log type 'browser' lost 0 entries on destruction
